# JRE version: Java(TM) SE Runtime Environment (8.0_05-b13) (build 1.8.0_05-b13)
# Java VM: Java HotSpot(TM) 64-Bit Server VM (25.5-b02 mixed mode windows-amd64 compressed oops)
Heap:
 PSYoungGen      total 10240K, used 4943K [0x00000000d5f00000, 0x00000000d6b00000, 0x0000000100000000)
  eden space 9216K, 50% used [0x00000000d5f00000,0x00000000d6393db0,0x00000000d6800000)
  from space 1024K, 25% used [0x00000000d6a00000,0x00000000d6a40000,0x00000000d6b00000)
  to   space 1536K, 0% used [0x00000000d6800000,0x00000000d6800000,0x00000000d6980000)
 ParOldGen       total 129536K, used 109099K [0x0000000081c00000, 0x0000000089a80000, 0x00000000d5f00000)
  object space 129536K, 84% used [0x0000000081c00000,0x000000008868ac38,0x0000000089a80000)
 Metaspace       used 17455K, capacity 17750K, committed 18048K, reserved 1064960K
  class space    used 2072K, capacity 2167K, committed 2176K, reserved 1048576K
GC Heap History (10 events):
Event: 10.498 GC heap before
{Heap before GC invocations=50 (full 0):
 PSYoungGen      total 9728K, used 9408K [0x00000000d5f00000, 0x00000000d6b00000, 0x0000000100000000)
  eden space 9216K, 100% used [0x00000000d5f00000,0x00000000d6800000,0x00000000d6800000)
  from space 512K, 37% used [0x00000000d6800000,0x00000000d6830000,0x00000000d6880000)
  to   space 512K, 0% used [0x00000000d6a80000,0x00000000d6a80000,0x00000000d6b00000)
 ParOldGen       total 129536K, used 56167K [0x0000000081c00000, 0x0000000089a80000, 0x00000000d5f00000)
  object space 129536K, 43% used [0x0000000081c00000,0x00000000852d9d48,0x0000000089a80000)
 Metaspace       used 13908K, capacity 14154K, committed 14336K, reserved 1062912K
  class space    used 1659K, capacity 1735K, committed 1792K, reserved 1048576K
Event: 10.502 GC heap after
Heap after GC invocations=50 (full 0):
 PSYoungGen      total 9728K, used 464K [0x00000000d5f00000, 0x00000000d6b00000, 0x0000000100000000)
  eden space 9216K, 0% used [0x00000000d5f00000,0x00000000d5f00000,0x00000000d6800000)
  from space 512K, 90% used [0x00000000d6a80000,0x00000000d6af4020,0x00000000d6b00000)
  to   space 512K, 0% used [0x00000000d6800000,0x00000000d6800000,0x00000000d6880000)
 ParOldGen       total 129536K, used 56279K [0x0000000081c00000, 0x0000000089a80000, 0x00000000d5f00000)
  object space 129536K, 43% used [0x0000000081c00000,0x00000000852f5d48,0x0000000089a80000)
 Metaspace       used 13908K, capacity 14154K, committed 14336K, reserved 1062912K
  class space    used 1659K, capacity 1735K, committed 1792K, reserved 1048576K
}
Event: 11.624 GC heap before
{Heap before GC invocations=51 (full 0):
 PSYoungGen      total 9728K, used 9680K [0x00000000d5f00000, 0x00000000d6b00000, 0x0000000100000000)
  eden space 9216K, 100% used [0x00000000d5f00000,0x00000000d6800000,0x00000000d6800000)
  from space 512K, 90% used [0x00000000d6a80000,0x00000000d6af4020,0x00000000d6b00000)
  to   space 512K, 0% used [0x00000000d6800000,0x00000000d6800000,0x00000000d6880000)
 ParOldGen       total 129536K, used 56279K [0x0000000081c00000, 0x0000000089a80000, 0x00000000d5f00000)
  object space 129536K, 43% used [0x0000000081c00000,0x00000000852f5d48,0x0000000089a80000)
 Metaspace       used 14609K, capacity 14936K, committed 15232K, reserved 1062912K
  class space    used 1728K, capacity 1802K, committed 1920K, reserved 1048576K
Event: 11.627 GC heap after
Heap after GC invocations=51 (full 0):
 PSYoungGen      total 9728K, used 512K [0x00000000d5f00000, 0x00000000d6b00000, 0x0000000100000000)
  eden space 9216K, 0% used [0x00000000d5f00000,0x00000000d5f00000,0x00000000d6800000)
  from space 512K, 100% used [0x00000000d6800000,0x00000000d6880000,0x00000000d6880000)
  to   space 1536K, 0% used [0x00000000d6980000,0x00000000d6980000,0x00000000d6b00000)
 ParOldGen       total 129536K, used 57779K [0x0000000081c00000, 0x0000000089a80000, 0x00000000d5f00000)
  object space 129536K, 44% used [0x0000000081c00000,0x000000008546ce70,0x0000000089a80000)
 Metaspace       used 14609K, capacity 14936K, committed 15232K, reserved 1062912K
  class space    used 1728K, capacity 1802K, committed 1920K, reserved 1048576K
}
Event: 12.012 GC heap before
{Heap before GC invocations=52 (full 0):
 PSYoungGen      total 9728K, used 9728K [0x00000000d5f00000, 0x00000000d6b00000, 0x0000000100000000)
  eden space 9216K, 100% used [0x00000000d5f00000,0x00000000d6800000,0x00000000d6800000)
  from space 512K, 100% used [0x00000000d6800000,0x00000000d6880000,0x00000000d6880000)
  to   space 1536K, 0% used [0x00000000d6980000,0x00000000d6980000,0x00000000d6b00000)
 ParOldGen       total 129536K, used 57779K [0x0000000081c00000, 0x0000000089a80000, 0x00000000d5f00000)
  object space 129536K, 44% used [0x0000000081c00000,0x000000008546ce70,0x0000000089a80000)
 Metaspace       used 14741K, capacity 15000K, committed 15232K, reserved 1062912K
  class space    used 1739K, capacity 1802K, committed 1920K, reserved 1048576K
Event: 12.015 GC heap after
Heap after GC invocations=52 (full 0):
 PSYoungGen      total 10752K, used 1184K [0x00000000d5f00000, 0x00000000d6b00000, 0x0000000100000000)
  eden space 9216K, 0% used [0x00000000d5f00000,0x00000000d5f00000,0x00000000d6800000)
  from space 1536K, 77% used [0x00000000d6980000,0x00000000d6aa8000,0x00000000d6b00000)
  to   space 1536K, 0% used [0x00000000d6800000,0x00000000d6800000,0x00000000d6980000)
 ParOldGen       total 129536K, used 58235K [0x0000000081c00000, 0x0000000089a80000, 0x00000000d5f00000)
  object space 129536K, 44% used [0x0000000081c00000,0x00000000854dedd8,0x0000000089a80000)
 Metaspace       used 14741K, capacity 15000K, committed 15232K, reserved 1062912K
  class space    used 1739K, capacity 1802K, committed 1920K, reserved 1048576K
}
Event: 61.470 GC heap before
{Heap before GC invocations=53 (full 0):
 PSYoungGen      total 10752K, used 10400K [0x00000000d5f00000, 0x00000000d6b00000, 0x0000000100000000)
  eden space 9216K, 100% used [0x00000000d5f00000,0x00000000d6800000,0x00000000d6800000)
  from space 1536K, 77% used [0x00000000d6980000,0x00000000d6aa8000,0x00000000d6b00000)
  to   space 1536K, 0% used [0x00000000d6800000,0x00000000d6800000,0x00000000d6980000)
 ParOldGen       total 129536K, used 84439K [0x0000000081c00000, 0x0000000089a80000, 0x00000000d5f00000)
  object space 129536K, 65% used [0x0000000081c00000,0x0000000086e75c08,0x0000000089a80000)
 Metaspace       used 15447K, capacity 15724K, committed 16128K, reserved 1062912K
  class space    used 1843K, capacity 1940K, committed 2048K, reserved 1048576K
Event: 61.473 GC heap after
Heap after GC invocations=53 (full 0):
 PSYoungGen      total 10752K, used 1240K [0x00000000d5f00000, 0x00000000d6c00000, 0x0000000100000000)
  eden space 9216K, 0% used [0x00000000d5f00000,0x00000000d5f00000,0x00000000d6800000)
  from space 1536K, 80% used [0x00000000d6800000,0x00000000d69360c8,0x00000000d6980000)
  to   space 2048K, 0% used [0x00000000d6a00000,0x00000000d6a00000,0x00000000d6c00000)
 ParOldGen       total 129536K, used 86939K [0x0000000081c00000, 0x0000000089a80000, 0x00000000d5f00000)
  object space 129536K, 67% used [0x0000000081c00000,0x00000000870e6dc8,0x0000000089a80000)
 Metaspace       used 15447K, capacity 15724K, committed 16128K, reserved 1062912K
  class space    used 1843K, capacity 1940K, committed 2048K, reserved 1048576K
}
Event: 70.228 GC heap before
{Heap before GC invocations=54 (full 0):
 PSYoungGen      total 10752K, used 10456K [0x00000000d5f00000, 0x00000000d6c00000, 0x0000000100000000)
  eden space 9216K, 100% used [0x00000000d5f00000,0x00000000d6800000,0x00000000d6800000)
  from space 1536K, 80% used [0x00000000d6800000,0x00000000d69360c8,0x00000000d6980000)
  to   space 2048K, 0% used [0x00000000d6a00000,0x00000000d6a00000,0x00000000d6c00000)
 ParOldGen       total 129536K, used 97644K [0x0000000081c00000, 0x0000000089a80000, 0x00000000d5f00000)
  object space 129536K, 75% used [0x0000000081c00000,0x0000000087b5b228,0x0000000089a80000)
 Metaspace       used 16930K, capacity 17174K, committed 17536K, reserved 1064960K
  class space    used 2017K, capacity 2103K, committed 2176K, reserved 1048576K
Event: 70.250 GC heap after
Heap after GC invocations=54 (full 0):
 PSYoungGen      total 10240K, used 256K [0x00000000d5f00000, 0x00000000d6b00000, 0x0000000100000000)
  eden space 9216K, 0% used [0x00000000d5f00000,0x00000000d5f00000,0x00000000d6800000)
  from space 1024K, 25% used [0x00000000d6a00000,0x00000000d6a40000,0x00000000d6b00000)
  to   space 1536K, 0% used [0x00000000d6800000,0x00000000d6800000,0x00000000d6980000)
 ParOldGen       total 129536K, used 98393K [0x0000000081c00000, 0x0000000089a80000, 0x00000000d5f00000)
  object space 129536K, 75% used [0x0000000081c00000,0x0000000087c167d8,0x0000000089a80000)
 Metaspace       used 16930K, capacity 17174K, committed 17536K, reserved 1064960K
  class space    used 2017K, capacity 2103K, committed 2176K, reserved 1048576K
}

